<?xml version="1.0" encoding="UTF-8"?>
<!-- Generated by org.testng.reporters.JUnitReportReporter -->
<testsuite hostname="Tabsquares-MBP" failures="0" tests="1" name="qaautomation.july2022.WebTestAfterRefactor2" time="22.663" errors="0" timestamp="17 Jul 2022 14:09:03 GMT" skipped="0">
  <testcase classname="qaautomation.july2022.WebTestAfterRefactor2" name="testLoginWrongUsernamePassword" time="22.663"/>
</testsuite> <!-- qaautomation.july2022.WebTestAfterRefactor2 -->
