<?xml version="1.0" encoding="UTF-8"?>
<!-- Generated by org.testng.reporters.JUnitReportReporter -->
<testsuite hostname="Tabsquares-MacBook-Pro.local" failures="0" tests="1" name="tugas4.pages.WebTest" time="14.282" errors="0" timestamp="2022-08-06T14:53:38 WIB" skipped="0">
  <testcase classname="tugas4.pages.WebTest" name="selectItemCart" time="14.282"/>
  <system-out/>
</testsuite> <!-- tugas4.pages.WebTest -->
