<?xml version="1.0" encoding="UTF-8"?>
<!-- Generated by org.testng.reporters.JUnitReportReporter -->
<testsuite hostname="Tabsquares-MBP" failures="0" tests="1" name="qaautomation.july2022.APITestAfterRefactor" time="7.797" errors="0" timestamp="2022-08-11T21:37:41 WIB" skipped="0">
  <testcase classname="qaautomation.july2022.APITestAfterRefactor" name="userAPI" time="7.797"/>
  <system-out/>
</testsuite> <!-- qaautomation.july2022.APITestAfterRefactor -->
