<?xml version="1.0" encoding="UTF-8"?>
<!-- Generated by org.testng.reporters.JUnitReportReporter -->
<testsuite hostname="Tabsquares-MacBook-Pro.local" failures="0" tests="1" name="qaautomation.july2022.APITest" time="6.070" errors="0" timestamp="2022-08-06T16:37:46 WIB" skipped="0">
  <testcase classname="qaautomation.july2022.APITest" name="loginAPI" time="6.070"/>
  <system-out/>
</testsuite> <!-- qaautomation.july2022.APITest -->
