<?xml version="1.0" encoding="UTF-8"?>
<!-- Generated by org.testng.reporters.JUnitReportReporter -->
<testsuite hostname="Tabsquares-MacBook-Pro.local" failures="0" tests="1" name="tugas3.pages.testTugas3" time="16.413" errors="0" timestamp="2022-07-22T20:55:53 WIB" skipped="0">
  <testcase classname="tugas3.pages.testTugas3" name="testSwitching" time="16.413"/>
  <system-out/>
</testsuite> <!-- tugas3.pages.testTugas3 -->
