<?xml version="1.0" encoding="UTF-8"?>
<!-- Generated by org.testng.reporters.JUnitReportReporter -->
<testsuite hostname="Tabsquares-MacBook-Pro.local" failures="0" tests="1" name="qaautomation.july2022.WebTestAfterPageFactory" time="16.707" errors="0" timestamp="2022-07-26T23:11:24 WIB" skipped="0">
  <testcase classname="qaautomation.july2022.WebTestAfterPageFactory" name="testLoginVersion2" time="16.707"/>
  <system-out/>
</testsuite> <!-- qaautomation.july2022.WebTestAfterPageFactory -->
