<?xml version="1.0" encoding="UTF-8"?>
<!-- Generated by org.testng.reporters.JUnitReportReporter -->
<testsuite hostname="Tabsquares-MBP" failures="0" tests="1" name="qaautomation.july2022.CommonTest" time="22.229" errors="0" timestamp="18 Jul 2022 15:15:56 GMT" skipped="0">
  <testcase classname="qaautomation.july2022.CommonTest" name="testSwitching" time="22.229"/>
</testsuite> <!-- qaautomation.july2022.CommonTest -->
