<?xml version="1.0" encoding="UTF-8"?>
<!-- Generated by org.testng.reporters.JUnitReportReporter -->
<testsuite hostname="Tabsquares-MacBook-Pro.local" failures="0" tests="1" name="tugas3.pages.WebTestTugas3" time="25.904" errors="0" timestamp="2022-07-26T23:06:11 WIB" skipped="0">
  <testcase classname="tugas3.pages.WebTestTugas3" name="IframTest" time="25.904"/>
  <system-out/>
</testsuite> <!-- tugas3.pages.WebTestTugas3 -->
